SF:C:\Users\estac\workspace\SCORE\server\src\main\util\util.js
DA:1,2
DA:7,2
DA:9,2
DA:10,2
DA:11,2
DA:12,2
DA:13,2
DA:14,2
DA:16,2
DA:17,2
DA:19,2
DA:27,2
DA:29,2
DA:30,2
DA:43,2
DA:44,2
DA:53,2
DA:54,4
DA:56,28
DA:59,24
DA:60,24
DA:62,24
DA:66,4
DA:67,32
DA:68,1
DA:78,2
DA:79,0
DA:88,28
DA:96,2
DA:104,2
DA:105,0
DA:106,0
DA:115,2
DA:116,32
DA:117,32
DA:118,32
DA:119,13601
DA:120,32
DA:129,2
DA:130,4
DA:131,4
DA:132,7
DA:133,3
DA:134,7
DA:136,4
DA:137,4
DA:146,2
DA:147,425
DA:148,425
DA:149,425
DA:158,6
DA:167,2
DA:168,17
DA:172,2
DA:173,2
DA:175,2
BRDA:56,1,0,4
BRDA:56,1,1,24
BRDA:67,2,0,1
BRDA:67,2,1,31
BRDA:67,3,0,32
BRDA:67,3,1,5
BRDA:96,4,0,0
BRDA:96,4,1,0
BRDA:132,5,0,3
BRDA:132,5,1,4
BRDA:168,6,0,5
BRDA:168,6,1,2
BRDA:169,7,0,5
BRDA:169,7,1,5
BRDA:169,7,2,2
end_of_record
SF:C:\Users\estac\workspace\SCORE\server\src\main\middleware\routesMiddleware.js
DA:1,1
DA:2,1
DA:4,1
DA:9,1
DA:10,1
DA:11,1
DA:13,1
DA:23,1
DA:24,1
DA:25,1
DA:26,1
DA:29,1
DA:31,1
DA:32,1
DA:33,1
DA:36,1
end_of_record
SF:C:\Users\estac\workspace\SCORE\server\src\main\router\LocaisRouter.js
DA:1,1
DA:3,1
DA:4,1
DA:5,1
DA:7,1
DA:14,1
DA:15,1
DA:16,3
DA:17,1
DA:27,1
DA:28,1
DA:36,1
DA:37,1
DA:38,2
DA:39,2
DA:49,1
DA:50,1
DA:51,8
DA:52,7
DA:62,1
DA:63,1
DA:64,2
DA:65,1
DA:75,1
DA:76,1
DA:77,2
DA:78,1
DA:89,1
DA:90,1
DA:91,1
DA:99,1
DA:100,1
DA:101,1
DA:102,1
DA:103,1
DA:104,1
DA:105,1
DA:113,1
DA:114,1
DA:117,1
end_of_record
SF:C:\Users\estac\workspace\SCORE\server\src\main\middleware\AdminMiddleware.js
DA:1,1
DA:2,1
DA:13,1
DA:14,15
DA:16,15
DA:17,15
DA:18,0
DA:20,15
DA:21,15
DA:22,3
BRDA:17,3,0,0
BRDA:17,3,1,15
BRDA:18,4,0,0
BRDA:18,4,1,0
BRDA:20,5,0,15
BRDA:20,5,1,0
BRDA:21,6,0,3
BRDA:21,6,1,12
end_of_record
SF:C:\Users\estac\workspace\SCORE\server\src\main\service\usersService.js
DA:1,2
DA:2,2
DA:11,2
DA:23,1
DA:24,16
DA:25,16
DA:35,1
DA:36,46
DA:47,1
DA:48,0
DA:49,0
DA:59,4
DA:67,2
DA:68,25
DA:69,23
DA:71,23
DA:72,23
DA:73,2
DA:75,23
DA:76,23
DA:80,2
DA:81,0
DA:82,0
DA:84,0
DA:85,0
DA:86,0
DA:87,0
DA:98,2
DA:99,17
DA:100,16
DA:102,1
DA:103,1
DA:104,1
DA:106,1
DA:110,2
DA:111,0
DA:112,0
DA:113,0
DA:114,0
DA:115,0
DA:122,2
DA:123,2
DA:124,0
DA:125,0
DA:129,2
BRDA:49,3,0,0
BRDA:49,3,1,0
BRDA:68,4,0,23
BRDA:68,4,1,2
BRDA:68,5,0,25
BRDA:68,5,1,23
BRDA:72,6,0,2
BRDA:72,6,1,21
BRDA:81,7,0,0
BRDA:81,7,1,0
BRDA:85,8,0,0
BRDA:85,8,1,0
BRDA:99,9,0,16
BRDA:99,9,1,1
BRDA:103,10,0,1
BRDA:103,10,1,0
BRDA:115,11,0,0
BRDA:115,11,1,0
end_of_record
SF:C:\Users\estac\workspace\SCORE\server\src\main\service\authService.js
DA:1,1
DA:3,1
DA:5,1
DA:10,1
DA:11,1
DA:21,1
DA:22,1
DA:27,1
DA:28,0
DA:29,0
DA:44,1
DA:45,0
DA:46,0
DA:47,0
DA:55,1
DA:64,0
DA:74,0
DA:81,1
BRDA:28,8,0,0
BRDA:28,8,1,0
BRDA:45,9,0,0
BRDA:45,9,1,0
BRDA:46,10,0,0
BRDA:46,10,1,0
end_of_record
SF:C:\Users\estac\workspace\SCORE\server\src\main\router\ReservasSubRouter.js
DA:1,1
DA:2,1
DA:4,1
DA:11,1
DA:12,1
DA:13,0
DA:14,0
DA:15,0
DA:17,0
DA:28,1
DA:29,1
DA:30,1
DA:38,1
DA:39,1
DA:42,1
BRDA:14,3,0,0
BRDA:14,3,1,0
BRDA:15,4,0,0
BRDA:15,4,1,0
BRDA:15,5,0,0
BRDA:15,5,1,0
end_of_record
SF:C:\Users\estac\workspace\SCORE\server\src\main\service\reservasService.js
DA:1,1
DA:3,1
DA:5,1
DA:9,1
DA:17,1
DA:18,0
DA:19,0
DA:20,0
DA:21,0
DA:22,0
DA:34,1
DA:35,0
DA:36,0
DA:37,0
DA:38,0
DA:39,0
DA:51,1
DA:52,0
DA:53,0
DA:54,0
DA:56,0
DA:57,0
DA:58,0
DA:59,0
DA:60,0
DA:61,0
DA:64,0
DA:81,1
DA:82,0
DA:83,0
DA:85,0
DA:86,0
DA:87,0
DA:88,0
DA:89,0
DA:92,0
DA:93,0
DA:96,0
DA:130,1
DA:131,0
DA:132,0
DA:133,0
DA:134,0
DA:136,0
DA:137,0
DA:138,0
DA:139,0
DA:140,0
DA:152,1
DA:153,0
DA:154,0
DA:155,0
DA:161,0
DA:162,0
DA:163,0
DA:165,0
DA:166,0
DA:168,0
DA:169,0
DA:181,1
DA:182,0
DA:183,0
DA:184,0
DA:195,1
DA:197,0
DA:198,0
DA:199,0
DA:200,0
DA:201,0
DA:212,1
DA:213,0
DA:214,0
DA:215,0
DA:226,1
DA:227,0
DA:228,0
DA:229,0
DA:233,1
DA:234,2
DA:235,2
DA:236,2
DA:237,2
BRDA:19,1,0,0
BRDA:19,1,1,0
BRDA:21,2,0,0
BRDA:21,2,1,0
BRDA:36,3,0,0
BRDA:36,3,1,0
BRDA:38,4,0,0
BRDA:38,4,1,0
BRDA:53,5,0,0
BRDA:53,5,1,0
BRDA:60,6,0,0
BRDA:60,6,1,0
BRDA:83,7,0,0
BRDA:83,7,1,0
BRDA:86,8,0,0
BRDA:86,8,1,0
BRDA:89,9,0,0
BRDA:89,9,1,0
BRDA:92,10,0,0
BRDA:92,10,1,0
BRDA:136,11,0,0
BRDA:136,11,1,0
BRDA:137,12,0,0
BRDA:137,12,1,0
BRDA:138,13,0,0
BRDA:138,13,1,0
BRDA:139,14,0,0
BRDA:139,14,1,0
BRDA:140,15,0,0
BRDA:140,15,1,0
BRDA:140,15,2,0
BRDA:140,15,3,0
BRDA:154,16,0,0
BRDA:154,16,1,0
BRDA:166,17,0,0
BRDA:166,17,1,0
BRDA:183,18,0,0
BRDA:183,18,1,0
BRDA:184,19,0,0
BRDA:184,19,1,0
BRDA:198,20,0,0
BRDA:198,20,1,0
BRDA:200,21,0,0
BRDA:200,21,1,0
BRDA:214,22,0,0
BRDA:214,22,1,0
BRDA:228,23,0,0
BRDA:228,23,1,0
BRDA:235,24,0,2
BRDA:235,24,1,2
end_of_record
SF:C:\Users\estac\workspace\SCORE\server\src\main\service\LocaisService.js
DA:1,1
DA:2,1
DA:4,1
DA:12,1
DA:21,16
DA:23,16
DA:24,16
DA:25,16
DA:36,6
DA:37,2
DA:46,3
DA:47,3
DA:48,3
DA:49,405
DA:61,14
DA:62,14
DA:63,14
DA:64,8
DA:77,4
DA:79,4
DA:80,4
DA:81,4
DA:82,4
DA:94,4
DA:96,2
DA:97,2
DA:98,2
DA:99,2
BRDA:25,8,0,2
BRDA:25,8,1,14
BRDA:25,9,0,2
BRDA:25,9,1,0
BRDA:48,10,0,0
BRDA:48,10,1,3
BRDA:63,11,0,6
BRDA:63,11,1,8
BRDA:63,12,0,14
BRDA:63,12,1,14
BRDA:63,13,0,6
BRDA:63,13,1,6
BRDA:82,14,0,2
BRDA:82,14,1,2
BRDA:82,15,0,2
BRDA:82,15,1,0
BRDA:98,16,0,0
BRDA:98,16,1,2
end_of_record
SF:C:\Users\estac\workspace\SCORE\server\src\main\model\Local.js
DA:1,1
DA:3,1
DA:4,1
DA:6,1
DA:13,1
DA:57,1
DA:59,16
DA:60,16
DA:64,1
DA:65,4
DA:66,4
DA:68,4
DA:74,1
BRDA:65,1,0,4
BRDA:65,1,1,0
end_of_record
SF:C:\Users\estac\workspace\SCORE\server\src\main\config\db_config.js
DA:1,1
DA:3,1
DA:4,1
DA:5,1
DA:7,1
DA:9,1
DA:10,3
DA:11,3
DA:12,18
DA:15,3
DA:21,3
DA:22,3
DA:23,1
DA:26,3
DA:27,3
DA:28,3
DA:29,3
DA:32,3
BRDA:12,1,0,18
BRDA:12,1,1,18
BRDA:15,2,0,3
BRDA:15,2,1,0
BRDA:21,3,0,3
BRDA:21,3,1,3
BRDA:22,4,0,1
BRDA:22,4,1,2
end_of_record
SF:C:\Users\estac\workspace\SCORE\server\src\main\model\Reserva.js
DA:1,1
DA:3,1
DA:4,1
DA:6,1
DA:8,1
DA:38,0
DA:50,0
DA:62,0
DA:74,1
DA:75,0
DA:76,0
DA:77,0
DA:78,0
DA:82,1
DA:83,0
DA:84,0
DA:85,0
DA:89,1
DA:91,0
DA:92,0
DA:96,1
DA:97,0
DA:98,0
DA:100,0
DA:103,1
BRDA:76,1,0,0
BRDA:76,1,1,0
BRDA:77,2,0,0
BRDA:77,2,1,0
BRDA:84,3,0,0
BRDA:84,3,1,0
BRDA:97,4,0,0
BRDA:97,4,1,0
end_of_record
SF:C:\Users\estac\workspace\SCORE\server\src\main\router\usersRouter.js
DA:1,1
DA:4,1
DA:6,1
DA:17,1
DA:24,1
DA:25,0
DA:26,0
DA:27,0
DA:28,0
DA:30,0
DA:34,1
BRDA:27,1,0,0
BRDA:27,1,1,0
BRDA:28,2,0,0
BRDA:28,2,1,0
BRDA:28,3,0,0
BRDA:28,3,1,0
end_of_record
SF:C:\Users\estac\workspace\SCORE\server\src\main\router\reservasRouter.js
DA:1,1
DA:3,1
DA:6,1
DA:8,1
DA:17,1
DA:22,1
DA:23,0
DA:24,0
DA:25,0
DA:27,0
DA:34,1
DA:35,0
DA:36,0
DA:37,0
DA:44,1
DA:45,0
DA:46,0
DA:47,0
DA:54,1
DA:55,0
DA:56,0
DA:57,0
DA:61,1
BRDA:24,1,0,0
BRDA:24,1,1,0
BRDA:25,2,0,0
BRDA:25,2,1,0
BRDA:25,3,0,0
BRDA:25,3,1,0
BRDA:36,4,0,0
BRDA:36,4,1,0
BRDA:36,5,0,0
BRDA:36,5,1,0
BRDA:36,6,0,0
BRDA:36,6,1,0
BRDA:46,7,0,0
BRDA:46,7,1,0
BRDA:46,8,0,0
BRDA:46,8,1,0
BRDA:46,9,0,0
BRDA:46,9,1,0
BRDA:56,10,0,0
BRDA:56,10,1,0
BRDA:56,11,0,0
BRDA:56,11,1,0
BRDA:56,12,0,0
BRDA:56,12,1,0
end_of_record
SF:C:\Users\estac\workspace\SCORE\client\src\main\js\config.js
DA:1,1
DA:4,1
DA:41,1
DA:52,1
DA:53,4
DA:55,4
DA:57,0
DA:58,0
DA:59,0
DA:62,0
DA:63,0
DA:65,0
DA:68,0
DA:69,0
DA:71,0
DA:76,4
DA:78,4
DA:80,4
DA:86,4
DA:88,4
DA:96,0
DA:97,0
DA:123,0
DA:138,0
DA:139,0
DA:141,0
DA:151,0
DA:161,0
DA:162,0
DA:164,0
DA:174,0
DA:175,0
DA:176,0
DA:177,0
DA:181,4
DA:183,1
DA:184,4
DA:185,4
DA:186,4
DA:190,4
DA:191,0
DA:197,0
DA:201,4
DA:202,4
DA:203,0
DA:204,0
DA:207,0
DA:208,0
BRDA:59,1,0,0
BRDA:59,1,1,0
BRDA:62,2,0,0
BRDA:62,2,1,0
BRDA:65,3,0,0
BRDA:65,3,1,0
BRDA:68,4,0,0
BRDA:68,4,1,0
BRDA:96,5,0,0
BRDA:96,5,1,0
BRDA:138,6,0,0
BRDA:138,6,1,0
BRDA:161,7,0,0
BRDA:161,7,1,0
end_of_record
SF:C:\Users\estac\workspace\SCORE\client\src\main\js\Constants.js
DA:1,1
DA:2,1
DA:10,1
DA:11,6
DA:17,1
end_of_record
SF:C:\Users\estac\workspace\SCORE\client\src\main\js\constants\constantesReserva.js
DA:1,1
DA:2,1
DA:4,1
end_of_record
SF:C:\Users\estac\workspace\SCORE\client\src\main\js\factory\Usuario.js
DA:1,1
DA:7,1
DA:9,0
DA:17,1
DA:18,0
DA:19,0
DA:25,0
DA:26,0
DA:27,0
DA:31,0
DA:33,0
end_of_record
SF:C:\Users\estac\workspace\SCORE\client\src\main\js\factory\Reserva.js
DA:1,1
DA:2,1
DA:3,1
DA:7,1
DA:9,0
DA:12,0
DA:22,1
DA:32,0
DA:50,1
DA:51,0
DA:58,0
DA:59,0
DA:60,0
DA:61,0
DA:69,0
DA:70,0
DA:71,0
DA:73,0
DA:74,0
DA:75,0
DA:83,0
DA:84,0
DA:85,0
DA:86,0
DA:87,0
DA:88,0
DA:96,0
DA:97,0
DA:98,0
DA:99,0
DA:109,0
DA:110,0
DA:113,0
DA:114,0
DA:117,0
DA:118,0
DA:121,0
DA:122,0
DA:130,0
DA:131,0
DA:138,0
DA:139,0
DA:146,0
DA:147,0
DA:154,0
DA:155,0
DA:161,0
DA:162,0
DA:169,0
DA:170,0
DA:181,1
DA:182,0
DA:194,1
DA:195,0
DA:196,0
DA:197,0
DA:198,0
DA:208,1
DA:209,0
DA:219,1
DA:220,0
DA:230,1
DA:231,0
DA:234,0
DA:236,0
BRDA:70,1,0,0
BRDA:70,1,1,0
end_of_record
SF:C:\Users\estac\workspace\SCORE\client\src\main\js\factory\Local.js
DA:1,1
DA:2,1
DA:9,1
DA:11,0
DA:22,1
DA:23,0
DA:24,0
DA:27,0
DA:28,0
DA:31,0
DA:32,0
DA:33,0
DA:34,0
DA:35,0
DA:36,0
DA:38,0
DA:42,0
DA:44,0
BRDA:32,1,0,0
BRDA:32,1,1,0
end_of_record
SF:C:\Users\estac\workspace\SCORE\client\src\main\js\service\LocaisService.js
DA:1,1
DA:2,1
DA:4,1
DA:6,0
DA:13,0
DA:14,0
DA:15,0
DA:16,0
DA:26,0
DA:27,0
DA:36,0
DA:37,0
DA:46,1
DA:47,0
DA:56,1
DA:57,0
DA:66,0
DA:67,0
DA:76,1
DA:77,0
DA:78,0
BRDA:37,1,0,0
BRDA:37,1,1,0
end_of_record
SF:C:\Users\estac\workspace\SCORE\client\src\main\js\service\AgendamentoService.js
DA:1,1
DA:2,1
DA:3,1
DA:5,0
DA:8,0
DA:10,0
DA:17,0
DA:18,0
DA:19,0
DA:20,0
DA:30,0
DA:31,0
DA:32,0
DA:39,0
DA:40,0
DA:41,0
DA:56,1
DA:57,0
DA:58,0
DA:59,0
DA:61,0
DA:63,0
DA:72,1
DA:73,0
BRDA:40,1,0,0
BRDA:40,1,1,0
BRDA:58,2,0,0
BRDA:58,2,1,0
end_of_record
SF:C:\Users\estac\workspace\SCORE\client\src\main\js\service\AuthLockService.js
DA:1,1
DA:2,1
DA:10,1
DA:12,0
DA:14,0
DA:19,0
DA:20,0
DA:21,0
DA:23,0
DA:25,0
DA:26,0
DA:27,0
DA:28,0
DA:40,1
DA:41,0
DA:42,0
DA:49,1
DA:50,0
DA:51,0
DA:52,0
DA:54,0
DA:56,0
DA:57,0
DA:58,0
DA:59,0
DA:62,0
BRDA:21,1,0,0
BRDA:21,1,1,0
BRDA:27,2,0,0
BRDA:27,2,1,0
BRDA:52,3,0,0
BRDA:52,3,1,0
BRDA:58,4,0,0
BRDA:58,4,1,0
end_of_record
SF:C:\Users\estac\workspace\SCORE\client\src\main\js\service\DataManipuladorService.js
DA:1,1
DA:2,1
DA:4,1
DA:14,0
DA:15,0
DA:16,0
DA:18,0
DA:19,0
DA:20,0
DA:22,0
DA:24,0
DA:35,0
DA:36,0
DA:38,0
DA:40,0
DA:41,0
DA:43,0
DA:44,0
DA:46,0
DA:57,0
DA:58,0
DA:60,0
DA:62,0
DA:66,0
DA:67,0
DA:68,0
DA:69,0
DA:71,0
DA:81,0
DA:82,0
DA:89,0
DA:101,0
DA:102,0
DA:107,0
BRDA:15,1,0,0
BRDA:15,1,1,0
BRDA:18,2,0,0
BRDA:18,2,1,0
BRDA:19,3,0,0
BRDA:19,3,1,0
BRDA:36,4,0,0
BRDA:36,4,1,0
BRDA:38,5,0,0
BRDA:38,5,1,0
BRDA:58,6,0,0
BRDA:58,6,1,0
BRDA:89,7,0,0
BRDA:89,7,1,0
BRDA:89,7,2,0
BRDA:89,7,3,0
BRDA:89,7,4,0
BRDA:89,7,5,0
BRDA:107,8,0,0
BRDA:107,8,1,0
BRDA:107,8,2,0
end_of_record
SF:C:\Users\estac\workspace\SCORE\client\src\main\js\service\ModalService.js
DA:1,1
DA:3,1
DA:10,1
DA:12,4
DA:20,4
DA:22,0
DA:30,0
DA:40,4
DA:41,0
DA:42,0
DA:50,0
DA:53,0
DA:66,4
DA:67,0
DA:88,4
DA:89,0
DA:94,0
DA:95,0
DA:98,0
DA:106,4
DA:107,4
DA:128,4
DA:137,0
DA:157,4
DA:158,0
DA:159,0
DA:165,4
DA:166,0
DA:182,0
DA:184,0
DA:186,0
DA:187,0
BRDA:41,1,0,0
BRDA:41,1,1,0
BRDA:159,2,0,0
BRDA:159,2,1,0
end_of_record
SF:C:\Users\estac\workspace\SCORE\client\src\main\js\service\SearchService.js
DA:1,1
DA:4,1
DA:11,1
DA:12,4
DA:13,4
DA:22,4
DA:23,3
DA:34,4
DA:35,2
DA:46,4
DA:47,0
DA:48,0
DA:50,0
DA:51,0
DA:53,0
DA:54,0
DA:55,0
DA:57,0
DA:61,0
DA:62,0
DA:63,0
DA:65,0
DA:68,0
DA:79,1
DA:80,0
DA:81,0
DA:82,0
DA:84,0
DA:95,1
DA:96,0
DA:97,0
DA:98,0
DA:100,0
DA:110,1
DA:111,0
DA:112,0
DA:116,0
DA:130,1
DA:131,0
DA:132,0
DA:133,0
DA:134,0
DA:137,0
DA:138,0
DA:139,0
DA:140,0
DA:143,0
DA:150,1
DA:151,0
DA:152,0
DA:154,0
DA:155,0
DA:157,0
BRDA:54,1,0,0
BRDA:54,1,1,0
BRDA:63,2,0,0
BRDA:63,2,1,0
BRDA:63,3,0,0
BRDA:63,3,1,0
BRDA:82,4,0,0
BRDA:82,4,1,0
BRDA:98,5,0,0
BRDA:98,5,1,0
BRDA:111,6,0,0
BRDA:111,6,1,0
BRDA:138,7,0,0
BRDA:138,7,1,0
BRDA:138,8,0,0
BRDA:138,8,1,0
BRDA:140,9,0,0
BRDA:140,9,1,0
BRDA:151,10,0,0
BRDA:151,10,1,0
BRDA:154,11,0,0
BRDA:154,11,1,0
BRDA:157,12,0,0
BRDA:157,12,1,0
end_of_record
SF:C:\Users\estac\workspace\SCORE\client\src\main\js\service\AuthService.js
DA:1,1
DA:11,1
DA:12,0
DA:22,0
DA:23,0
DA:24,0
DA:25,0
DA:26,0
DA:27,0
DA:28,0
DA:30,0
DA:31,0
DA:32,0
DA:33,0
DA:35,0
DA:49,0
DA:50,0
DA:58,0
DA:59,0
DA:68,0
DA:69,0
DA:75,0
DA:76,0
DA:77,0
DA:78,0
BRDA:25,1,0,0
BRDA:25,1,1,0
BRDA:59,2,0,0
BRDA:59,2,1,0
end_of_record
SF:C:\Users\estac\workspace\SCORE\client\src\main\js\service\ToastService.js
DA:1,1
DA:4,1
DA:6,1
DA:7,0
DA:8,0
DA:9,0
DA:17,0
DA:18,0
DA:19,0
DA:26,0
DA:33,0
DA:42,0
DA:43,0
DA:44,0
DA:45,0
BRDA:18,1,0,0
BRDA:18,1,1,0
BRDA:29,2,0,0
BRDA:29,2,1,0
BRDA:30,3,0,0
BRDA:30,3,1,0
BRDA:31,4,0,0
BRDA:31,4,1,0
BRDA:32,5,0,0
BRDA:32,5,1,0
BRDA:43,6,0,0
BRDA:43,6,1,0
BRDA:44,7,0,0
BRDA:44,7,1,0
end_of_record
SF:C:\Users\estac\workspace\SCORE\client\src\main\js\directive\AboutDirective.js
DA:1,1
DA:3,1
DA:9,1
DA:10,0
DA:14,0
DA:15,0
DA:17,0
DA:22,0
DA:128,0
DA:129,0
DA:136,0
DA:137,0
DA:138,0
DA:139,0
DA:140,0
DA:142,0
DA:143,0
DA:144,0
DA:146,0
DA:147,0
DA:155,0
DA:156,0
DA:157,0
DA:158,0
DA:159,0
DA:160,0
DA:162,0
BRDA:139,1,0,0
BRDA:139,1,1,0
BRDA:146,2,0,0
BRDA:146,2,1,0
BRDA:159,3,0,0
BRDA:159,3,1,0
end_of_record
SF:C:\Users\estac\workspace\SCORE\client\src\main\js\directive\MainToolbarDirective.js
DA:1,1
DA:4,1
DA:6,0
DA:11,0
DA:17,0
DA:18,0
DA:19,0
DA:20,0
DA:22,0
DA:26,0
DA:33,0
DA:34,0
DA:35,0
DA:42,0
DA:43,0
DA:44,0
DA:52,1
DA:53,0
DA:54,0
DA:55,0
DA:57,0
DA:58,0
DA:59,0
DA:68,0
DA:69,0
DA:70,0
DA:71,0
DA:72,0
DA:74,0
DA:77,0
DA:82,0
DA:83,0
DA:89,0
DA:90,0
DA:91,0
BRDA:19,1,0,0
BRDA:19,1,1,0
BRDA:54,2,0,0
BRDA:54,2,1,0
BRDA:70,3,0,0
BRDA:70,3,1,0
BRDA:70,4,0,0
BRDA:70,4,1,0
BRDA:71,5,0,0
BRDA:71,5,1,0
BRDA:83,6,0,0
BRDA:83,6,1,0
BRDA:83,7,0,0
BRDA:83,7,1,0
end_of_record
SF:C:\Users\estac\workspace\SCORE\client\src\main\js\directive\SidebarDirective.js
DA:1,1
DA:2,1
DA:4,1
DA:6,0
DA:11,0
DA:12,0
DA:14,0
DA:16,0
DA:17,0
DA:18,0
DA:21,0
DA:22,0
DA:23,0
DA:29,0
DA:30,0
DA:31,0
DA:32,0
DA:34,0
BRDA:31,1,0,0
BRDA:31,1,1,0
end_of_record
SF:C:\Users\estac\workspace\SCORE\client\src\main\js\directive\MainFooterDirective.js
DA:1,1
DA:4,1
DA:11,1
DA:12,0
DA:16,0
end_of_record
SF:C:\Users\estac\workspace\SCORE\client\src\main\js\controller\AppController.js
DA:1,1
DA:4,1
DA:11,1
DA:12,0
end_of_record
SF:C:\Users\estac\workspace\SCORE\client\src\main\js\controller\LoginController.js
DA:1,1
DA:4,1
DA:6,1
DA:8,0
DA:10,0
DA:12,1
DA:13,0
DA:16,0
DA:17,0
DA:18,0
DA:22,0
DA:23,0
DA:24,0
DA:25,0
BRDA:17,1,0,0
BRDA:17,1,1,0
BRDA:23,2,0,0
BRDA:23,2,1,0
end_of_record
SF:C:\Users\estac\workspace\SCORE\client\src\main\js\controller\CalendarioController.js
DA:1,1
DA:2,1
DA:7,1
DA:11,0
DA:13,0
DA:14,0
DA:15,0
DA:17,0
DA:26,0
DA:27,0
DA:28,0
DA:48,0
DA:58,0
DA:60,0
DA:62,0
DA:64,0
DA:72,0
DA:104,0
DA:105,0
DA:111,0
DA:121,0
DA:122,0
DA:123,0
DA:124,0
DA:125,0
DA:126,0
DA:127,0
DA:128,0
DA:135,0
DA:136,0
DA:142,0
DA:143,0
DA:157,1
DA:158,0
DA:159,0
DA:160,0
DA:161,0
DA:163,0
DA:164,0
DA:165,0
DA:168,0
DA:175,1
DA:176,0
DA:177,0
DA:178,0
DA:179,0
DA:180,0
BRDA:60,1,0,0
BRDA:60,1,1,0
BRDA:60,2,0,0
BRDA:60,2,1,0
BRDA:160,3,0,0
BRDA:160,3,1,0
BRDA:163,4,0,0
BRDA:163,4,1,0
BRDA:179,5,0,0
BRDA:179,5,1,0
end_of_record
SF:C:\Users\estac\workspace\SCORE\client\src\main\js\controller\DetalhesReservaController.js
DA:1,1
DA:2,1
DA:7,1
DA:10,0
DA:12,0
DA:14,0
DA:16,0
DA:18,0
DA:26,0
DA:27,0
DA:32,0
DA:33,0
DA:34,0
DA:42,1
DA:43,0
DA:44,0
DA:45,0
DA:53,1
DA:54,0
DA:55,0
DA:57,0
DA:58,0
DA:66,0
DA:67,0
DA:68,0
DA:70,0
DA:71,0
DA:73,0
DA:74,0
DA:75,0
DA:77,0
DA:78,0
DA:79,0
DA:80,0
DA:81,0
DA:83,0
DA:91,1
DA:92,0
DA:99,1
DA:100,0
DA:107,1
DA:108,0
DA:109,0
DA:111,0
DA:112,0
DA:113,0
DA:114,0
DA:115,0
DA:116,0
DA:118,0
DA:119,0
DA:127,0
DA:128,0
DA:129,0
DA:130,0
DA:131,0
DA:132,0
DA:133,0
DA:142,0
DA:144,0
DA:150,0
DA:151,0
DA:157,0
DA:162,0
DA:163,0
DA:169,0
DA:170,0
DA:171,0
DA:173,0
DA:179,0
DA:180,0
DA:181,0
DA:182,0
DA:184,0
DA:193,1
DA:195,0
DA:198,1
DA:199,0
DA:200,0
DA:203,0
DA:204,0
DA:205,0
DA:206,0
BRDA:67,1,0,0
BRDA:67,1,1,0
BRDA:67,2,0,0
BRDA:67,2,1,0
BRDA:113,3,0,0
BRDA:113,3,1,0
BRDA:113,4,0,0
BRDA:113,4,1,0
BRDA:113,5,0,0
BRDA:113,5,1,0
BRDA:116,6,0,0
BRDA:116,6,1,0
BRDA:116,7,0,0
BRDA:116,7,1,0
BRDA:116,8,0,0
BRDA:116,8,1,0
BRDA:151,9,0,0
BRDA:151,9,1,0
BRDA:163,10,0,0
BRDA:163,10,1,0
BRDA:170,11,0,0
BRDA:170,11,1,0
BRDA:180,12,0,0
BRDA:180,12,1,0
BRDA:204,13,0,0
BRDA:204,13,1,0
end_of_record
